[debug] [2021-08-03T12:31:37.276Z] ----------------------------------------------------------------------
[debug] [2021-08-03T12:31:37.280Z] Command:       C:\Program Files\nodejs\node.exe C:\Users\DELL\AppData\Roaming\npm\node_modules\firebase-tools\lib\bin\firebase.js init
[debug] [2021-08-03T12:31:37.281Z] CLI Version:   9.16.0
[debug] [2021-08-03T12:31:37.281Z] Platform:      win32
[debug] [2021-08-03T12:31:37.282Z] Node Version:  v14.17.1
[debug] [2021-08-03T12:31:37.283Z] Time:          Tue Aug 03 2021 18:01:37 GMT+0530 (India Standard Time)
[debug] [2021-08-03T12:31:37.283Z] ----------------------------------------------------------------------
[debug] 
[debug] [2021-08-03T12:31:37.294Z] > command requires scopes: ["email","openid","https://www.googleapis.com/auth/cloudplatformprojects.readonly","https://www.googleapis.com/auth/firebase","https://www.googleapis.com/auth/cloud-platform"]
[debug] [2021-08-03T12:31:37.295Z] > authorizing via signed-in user (balamurugan@quaticstech.in)
[info] 
     ######## #### ########  ######## ########     ###     ######  ########
     ##        ##  ##     ## ##       ##     ##  ##   ##  ##       ##
     ######    ##  ########  ######   ########  #########  ######  ######
     ##        ##  ##    ##  ##       ##     ## ##     ##       ## ##
     ##       #### ##     ## ######## ########  ##     ##  ######  ########

You're about to initialize a Firebase project in this directory:

  C:\Users\DELL\firebase-chat

[info] 
=== Project Setup
[info] 
[info] First, let's associate this project directory with a Firebase project.
[info] You can create multiple project aliases by running firebase use --add, 
[info] but for now we'll just set up a default project.
[info] 
[debug] [2021-08-03T12:34:14.423Z] >>> [apiv2][query] GET https://firebase.googleapis.com/v1beta1/projects pageSize=100
[debug] [2021-08-03T12:34:15.043Z] <<< [apiv2][status] GET https://firebase.googleapis.com/v1beta1/projects 200
[debug] [2021-08-03T12:34:15.043Z] <<< [apiv2][body] GET https://firebase.googleapis.com/v1beta1/projects [omitted]
[info] i  Using project whatsapp-clone-adb7d (whatsapp-clone) 
[info] 
=== Hosting Setup
[info] 
[info] Your public directory is the folder (relative to your project directory) that
[info] will contain Hosting assets to be uploaded with firebase deploy. If you
[info] have a build process for your assets, use your build's output directory.
[info] 
[debug] [2021-08-03T12:35:24.092Z] >>> [apiv2][query] GET https://www.gstatic.com/firebasejs/releases.json [none]
[debug] [2021-08-03T12:35:24.159Z] <<< [apiv2][status] GET https://www.gstatic.com/firebasejs/releases.json 200
[debug] [2021-08-03T12:35:24.159Z] <<< [apiv2][body] GET https://www.gstatic.com/firebasejs/releases.json {"current":{"version":"8.8.1","browserURL":"https://www.gstatic.com/firebasejs/8.8.1/firebase.js","packageURL":"https://www.gstatic.com/firebasejs/8.8.1/firebase.tgz"},"live":{"version":"8.8","browserURL":"https://www.gstatic.com/firebasejs/live/8.8/firebase.js","packageURL":"https://www.gstatic.com/firebasejs/live/8.8/firebase.tgz"},"components":{"analytics":"https://www.gstatic.com/firebasejs/8.8.1/firebase-analytics.js","app":"https://www.gstatic.com/firebasejs/8.8.1/firebase-app.js","app-check":"https://www.gstatic.com/firebasejs/8.8.1/firebase-app-check.js","auth":"https://www.gstatic.com/firebasejs/8.8.1/firebase-auth.js","database":"https://www.gstatic.com/firebasejs/8.8.1/firebase-database.js","firestore":"https://www.gstatic.com/firebasejs/8.8.1/firebase-firestore.js","functions":"https://www.gstatic.com/firebasejs/8.8.1/firebase-functions.js","installations":"https://www.gstatic.com/firebasejs/8.8.1/firebase-installations.js","messaging":"https://www.gstatic.com/firebasejs/8.8.1/firebase-messaging.js","storage":"https://www.gstatic.com/firebasejs/8.8.1/firebase-storage.js","performance":"https://www.gstatic.com/firebasejs/8.8.1/firebase-performance.js","remote-config":"https://www.gstatic.com/firebasejs/8.8.1/firebase-remote-config.js","firestore.memory":"https://www.gstatic.com/firebasejs/8.8.1/firebase-firestore.memory.js"}}
[info] +  Wrote build/index.html 
[info] 
[info] i  Detected a .git folder at C:\Users\DELL\firebase-chat 
[info] i  Authorizing with GitHub to upload your service account to a GitHub repository's secrets store. 
[info] 
[info] Visit this URL on this device to log in:
[info] https://github.com/login/oauth/authorize?client_id=89cf50f02ac6aaed3484&state=140180918&redirect_uri=http%3A%2F%2Flocalhost%3A9005&scope=read%3Auser%20repo%20public_repo
[info] 
[info] Waiting for authentication...
[debug] [2021-08-03T12:35:25.395Z] >>> HTTP REQUEST POST https://github.com/login/oauth/access_token  
 {"client_id":"89cf50f02ac6aaed3484","client_secret":"3330d14abc895d9a74d5f17cd7a00711fa2c5bf0","code":"2e487cd248883b6ef9ed","redirect_uri":"http://localhost:9005","state":"140180918"}
[debug] [2021-08-03T12:35:25.747Z] <<< HTTP RESPONSE 200 {"server":"GitHub.com","date":"Tue, 03 Aug 2021 12:35:23 GMT","content-type":"application/json; charset=utf-8","transfer-encoding":"chunked","vary":"X-PJAX, Accept-Encoding, Accept, X-Requested-With","permissions-policy":"interest-cohort=()","etag":"W/\"e6357629a4138b1eea9875ff645eee0d\"","cache-control":"max-age=0, private, must-revalidate","strict-transport-security":"max-age=31536000; includeSubdomains; preload","x-frame-options":"deny","x-content-type-options":"nosniff","x-xss-protection":"0","referrer-policy":"origin-when-cross-origin, strict-origin-when-cross-origin","expect-ct":"max-age=2592000, report-uri=\"https://api.github.com/_private/browser/errors\"","content-security-policy":"default-src 'none'; base-uri 'self'; block-all-mixed-content; connect-src 'self' uploads.github.com www.githubstatus.com collector.githubapp.com api.github.com github-cloud.s3.amazonaws.com github-production-repository-file-5c1aeb.s3.amazonaws.com github-production-upload-manifest-file-7fdce7.s3.amazonaws.com github-production-user-asset-6210df.s3.amazonaws.com cdn.optimizely.com logx.optimizely.com/v1/events translator.github.com wss://alive.github.com; font-src github.githubassets.com; form-action 'self' github.com gist.github.com; frame-ancestors 'none'; frame-src render.githubusercontent.com render-temp.githubusercontent.com viewscreen.githubusercontent.com; img-src 'self' data: github.githubassets.com identicons.github.com collector.githubapp.com github-cloud.s3.amazonaws.com secured-user-images.githubusercontent.com/ *.githubusercontent.com; manifest-src 'self'; media-src 'none'; script-src github.githubassets.com; style-src 'unsafe-inline' github.githubassets.com; worker-src github.com/socket-worker-3f088aa2.js gist.github.com/socket-worker-3f088aa2.js","x-github-request-id":"B28B:025E:BF5760:D22426:6109380B"}
[debug] [2021-08-03T12:35:25.752Z] >>> [apiv2][query] GET https://api.github.com/user [none]
[debug] [2021-08-03T12:35:26.160Z] <<< [apiv2][status] GET https://api.github.com/user 200
[debug] [2021-08-03T12:35:26.161Z] <<< [apiv2][body] GET https://api.github.com/user {"login":"Quatics-balamurugan","id":85159073,"node_id":"MDQ6VXNlcjg1MTU5MDcz","avatar_url":"https://avatars.githubusercontent.com/u/85159073?v=4","gravatar_id":"","url":"https://api.github.com/users/Quatics-balamurugan","html_url":"https://github.com/Quatics-balamurugan","followers_url":"https://api.github.com/users/Quatics-balamurugan/followers","following_url":"https://api.github.com/users/Quatics-balamurugan/following{/other_user}","gists_url":"https://api.github.com/users/Quatics-balamurugan/gists{/gist_id}","starred_url":"https://api.github.com/users/Quatics-balamurugan/starred{/owner}{/repo}","subscriptions_url":"https://api.github.com/users/Quatics-balamurugan/subscriptions","organizations_url":"https://api.github.com/users/Quatics-balamurugan/orgs","repos_url":"https://api.github.com/users/Quatics-balamurugan/repos","events_url":"https://api.github.com/users/Quatics-balamurugan/events{/privacy}","received_events_url":"https://api.github.com/users/Quatics-balamurugan/received_events","type":"User","site_admin":false,"name":"Quatics_balamurugan","company":null,"blog":"","location":null,"email":null,"hireable":null,"bio":null,"twitter_username":null,"public_repos":1,"public_gists":0,"followers":0,"following":0,"created_at":"2021-06-01T08:17:05Z","updated_at":"2021-06-27T13:33:49Z","private_gists":0,"total_private_repos":0,"owned_private_repos":0,"disk_usage":0,"collaborators":0,"two_factor_authentication":false,"plan":{"name":"free","space":976562499,"collaborators":0,"private_repos":10000}}
[info] 
[info] +  Success! Logged into GitHub as Quatics-balamurugan 
[info] 
[debug] [2021-08-03T12:38:28.619Z] >>> [apiv2][query] GET https://api.github.com/repos/Quatics-balamurugan/whatsapp-clone/actions/secrets/public-key type=owner
[debug] [2021-08-03T12:38:28.988Z] <<< [apiv2][status] GET https://api.github.com/repos/Quatics-balamurugan/whatsapp-clone/actions/secrets/public-key 404
[debug] [2021-08-03T12:38:28.989Z] <<< [apiv2][body] GET https://api.github.com/repos/Quatics-balamurugan/whatsapp-clone/actions/secrets/public-key {"message":"Not Found","documentation_url":"https://docs.github.com/rest/reference/actions#get-a-repository-public-key"}
[debug] [2021-08-03T12:39:45.584Z] >>> [apiv2][query] GET https://api.github.com/repos//actions/secrets/public-key type=owner
[debug] [2021-08-03T12:39:45.587Z] >>> [apiv2][query] GET https://api.github.com/repos/Quatics_balamurugan/actions/secrets/public-key type=owner
[debug] [2021-08-03T12:39:45.899Z] <<< [apiv2][status] GET https://api.github.com/repos//actions/secrets/public-key 404
[debug] [2021-08-03T12:39:45.899Z] <<< [apiv2][body] GET https://api.github.com/repos//actions/secrets/public-key {"message":"Not Found","documentation_url":"https://docs.github.com/rest"}
[debug] [2021-08-03T12:39:45.916Z] <<< [apiv2][status] GET https://api.github.com/repos/Quatics_balamurugan/actions/secrets/public-key 404
[debug] [2021-08-03T12:39:45.917Z] <<< [apiv2][body] GET https://api.github.com/repos/Quatics_balamurugan/actions/secrets/public-key {"message":"Not Found","documentation_url":"https://docs.github.com/rest"}
[debug] [2021-08-03T12:39:58.853Z] >>> [apiv2][query] GET https://api.github.com/repos/Quatics-balamurugan/whatsapp-clone/actions/secrets/public-key type=owner
[debug] [2021-08-03T12:39:59.147Z] <<< [apiv2][status] GET https://api.github.com/repos/Quatics-balamurugan/whatsapp-clone/actions/secrets/public-key 404
[debug] [2021-08-03T12:39:59.148Z] <<< [apiv2][body] GET https://api.github.com/repos/Quatics-balamurugan/whatsapp-clone/actions/secrets/public-key {"message":"Not Found","documentation_url":"https://docs.github.com/rest/reference/actions#get-a-repository-public-key"}
[debug] [2021-08-03T12:42:47.926Z] >>> [apiv2][query] GET https://api.github.com/repos/Quatics-balamurgan/whatsapp-clone/actions/secrets/public-key type=owner
[debug] [2021-08-03T12:42:48.228Z] <<< [apiv2][status] GET https://api.github.com/repos/Quatics-balamurgan/whatsapp-clone/actions/secrets/public-key 404
[debug] [2021-08-03T12:42:48.229Z] <<< [apiv2][body] GET https://api.github.com/repos/Quatics-balamurgan/whatsapp-clone/actions/secrets/public-key {"message":"Not Found","documentation_url":"https://docs.github.com/rest/reference/actions#get-a-repository-public-key"}
[debug] [2021-08-03T12:42:49.645Z] >>> [apiv2][query] GET https://api.github.com/repos//actions/secrets/public-key type=owner
[debug] [2021-08-03T12:42:49.805Z] >>> [apiv2][query] GET https://api.github.com/repos//actions/secrets/public-key type=owner
[debug] [2021-08-03T12:42:49.934Z] <<< [apiv2][status] GET https://api.github.com/repos//actions/secrets/public-key 404
[debug] [2021-08-03T12:42:49.935Z] <<< [apiv2][body] GET https://api.github.com/repos//actions/secrets/public-key {"message":"Not Found","documentation_url":"https://docs.github.com/rest"}
[debug] [2021-08-03T12:42:49.962Z] >>> [apiv2][query] GET https://api.github.com/repos//actions/secrets/public-key type=owner
[debug] [2021-08-03T12:42:50.106Z] <<< [apiv2][status] GET https://api.github.com/repos//actions/secrets/public-key 404
[debug] [2021-08-03T12:42:50.107Z] <<< [apiv2][body] GET https://api.github.com/repos//actions/secrets/public-key {"message":"Not Found","documentation_url":"https://docs.github.com/rest"}
[debug] [2021-08-03T12:42:50.109Z] >>> [apiv2][query] GET https://api.github.com/repos//actions/secrets/public-key type=owner
[debug] [2021-08-03T12:42:50.251Z] <<< [apiv2][status] GET https://api.github.com/repos//actions/secrets/public-key 404
[debug] [2021-08-03T12:42:50.252Z] <<< [apiv2][body] GET https://api.github.com/repos//actions/secrets/public-key {"message":"Not Found","documentation_url":"https://docs.github.com/rest"}
[debug] [2021-08-03T12:42:50.262Z] >>> [apiv2][query] GET https://api.github.com/repos//actions/secrets/public-key type=owner
[debug] [2021-08-03T12:42:50.409Z] <<< [apiv2][status] GET https://api.github.com/repos//actions/secrets/public-key 404
[debug] [2021-08-03T12:42:50.409Z] <<< [apiv2][body] GET https://api.github.com/repos//actions/secrets/public-key {"message":"Not Found","documentation_url":"https://docs.github.com/rest"}
[debug] [2021-08-03T12:42:50.411Z] >>> [apiv2][query] GET https://api.github.com/repos//actions/secrets/public-key type=owner
[debug] [2021-08-03T12:42:50.568Z] >>> [apiv2][query] GET https://api.github.com/repos//actions/secrets/public-key type=owner
[debug] [2021-08-03T12:42:50.585Z] <<< [apiv2][status] GET https://api.github.com/repos//actions/secrets/public-key 404
[debug] [2021-08-03T12:42:50.585Z] <<< [apiv2][body] GET https://api.github.com/repos//actions/secrets/public-key {"message":"Not Found","documentation_url":"https://docs.github.com/rest"}
[debug] [2021-08-03T12:42:50.706Z] <<< [apiv2][status] GET https://api.github.com/repos//actions/secrets/public-key 404
[debug] [2021-08-03T12:42:50.707Z] <<< [apiv2][body] GET https://api.github.com/repos//actions/secrets/public-key {"message":"Not Found","documentation_url":"https://docs.github.com/rest"}
[debug] [2021-08-03T12:42:50.726Z] >>> [apiv2][query] GET https://api.github.com/repos//actions/secrets/public-key type=owner
[debug] [2021-08-03T12:42:50.870Z] <<< [apiv2][status] GET https://api.github.com/repos//actions/secrets/public-key 404
[debug] [2021-08-03T12:42:50.870Z] <<< [apiv2][body] GET https://api.github.com/repos//actions/secrets/public-key {"message":"Not Found","documentation_url":"https://docs.github.com/rest"}
[debug] [2021-08-03T12:42:50.898Z] >>> [apiv2][query] GET https://api.github.com/repos//actions/secrets/public-key type=owner
[debug] [2021-08-03T12:42:51.017Z] <<< [apiv2][status] GET https://api.github.com/repos//actions/secrets/public-key 404
[debug] [2021-08-03T12:42:51.018Z] <<< [apiv2][body] GET https://api.github.com/repos//actions/secrets/public-key {"message":"Not Found","documentation_url":"https://docs.github.com/rest"}
[debug] [2021-08-03T12:42:51.194Z] <<< [apiv2][status] GET https://api.github.com/repos//actions/secrets/public-key 404
[debug] [2021-08-03T12:42:51.194Z] <<< [apiv2][body] GET https://api.github.com/repos//actions/secrets/public-key {"message":"Not Found","documentation_url":"https://docs.github.com/rest"}
[debug] [2021-08-03T12:42:51.324Z] >>> [apiv2][query] GET https://api.github.com/repos//actions/secrets/public-key type=owner
[debug] [2021-08-03T12:42:51.427Z] >>> [apiv2][query] GET https://api.github.com/repos//actions/secrets/public-key type=owner
[debug] [2021-08-03T12:42:51.632Z] <<< [apiv2][status] GET https://api.github.com/repos//actions/secrets/public-key 404
[debug] [2021-08-03T12:42:51.632Z] <<< [apiv2][body] GET https://api.github.com/repos//actions/secrets/public-key {"message":"Not Found","documentation_url":"https://docs.github.com/rest"}
[debug] [2021-08-03T12:42:51.746Z] <<< [apiv2][status] GET https://api.github.com/repos//actions/secrets/public-key 404
[debug] [2021-08-03T12:42:51.747Z] <<< [apiv2][body] GET https://api.github.com/repos//actions/secrets/public-key {"message":"Not Found","documentation_url":"https://docs.github.com/rest"}
[debug] [2021-08-03T12:47:15.169Z] >>> [apiv2][query] GET https://api.github.com/repos/quatics-balamurugan/firebasecc/actions/secrets/public-key type=owner
[debug] [2021-08-03T12:47:16.576Z] <<< [apiv2][status] GET https://api.github.com/repos/quatics-balamurugan/firebasecc/actions/secrets/public-key 404
[debug] [2021-08-03T12:47:16.576Z] <<< [apiv2][body] GET https://api.github.com/repos/quatics-balamurugan/firebasecc/actions/secrets/public-key {"message":"Not Found","documentation_url":"https://docs.github.com/rest/reference/actions#get-a-repository-public-key"}
[debug] [2021-08-03T12:47:34.602Z] >>> [apiv2][query] GET https://api.github.com/repos//actions/secrets/public-key type=owner
[debug] [2021-08-03T12:47:34.972Z] <<< [apiv2][status] GET https://api.github.com/repos//actions/secrets/public-key 404
[debug] [2021-08-03T12:47:34.973Z] <<< [apiv2][body] GET https://api.github.com/repos//actions/secrets/public-key {"message":"Not Found","documentation_url":"https://docs.github.com/rest"}
[debug] [2021-08-03T12:47:36.258Z] >>> [apiv2][query] GET https://api.github.com/repos//actions/secrets/public-key type=owner
[debug] [2021-08-03T12:47:36.552Z] <<< [apiv2][status] GET https://api.github.com/repos//actions/secrets/public-key 404
[debug] [2021-08-03T12:47:36.553Z] <<< [apiv2][body] GET https://api.github.com/repos//actions/secrets/public-key {"message":"Not Found","documentation_url":"https://docs.github.com/rest"}
